[2m2019-11-19 16:51:34[0;39m [32m INFO[0;39m [35m55924[0;39m [2m---[0;39m [2m[           main][0;39m [36mo.s.j.e.a.AnnotationMBeanExporter       [0;39m [2m:[0;39m Located MBean 'dataSource': registering with JMX server as MBean [com.zaxxer.hikari:name=dataSource,type=HikariDataSource]
[2m2019-11-19 16:51:35[0;39m [32m INFO[0;39m [35m55924[0;39m [2m---[0;39m [2m[           main][0;39m [36mo.s.c.support.DefaultLifecycleProcessor [0;39m [2m:[0;39m Starting beans in phase 2147483647
[2m2019-11-19 16:51:35[0;39m [32m INFO[0;39m [35m55924[0;39m [2m---[0;39m [2m[           main][0;39m [36md.s.w.p.DocumentationPluginsBootstrapper[0;39m [2m:[0;39m Context refreshed
[2m2019-11-19 16:51:35[0;39m [32m INFO[0;39m [35m55924[0;39m [2m---[0;39m [2m[           main][0;39m [36md.s.w.p.DocumentationPluginsBootstrapper[0;39m [2m:[0;39m Found 1 custom documentation plugin(s)
[2m2019-11-19 16:51:35[0;39m [32m INFO[0;39m [35m55924[0;39m [2m---[0;39m [2m[           main][0;39m [36ms.d.s.w.s.ApiListingReferenceScanner    [0;39m [2m:[0;39m Scanning for api listing references
[2m2019-11-19 16:51:36[0;39m [32m INFO[0;39m [35m55924[0;39m [2m---[0;39m [2m[           main][0;39m [36ms.b.c.e.t.TomcatEmbeddedServletContainer[0;39m [2m:[0;39m Tomcat started on port(s): 8585 (http)
[2m2019-11-19 16:51:36[0;39m [32m INFO[0;39m [35m55924[0;39m [2m---[0;39m [2m[           main][0;39m [36mcom.employee.EmployeeApplication        [0;39m [2m:[0;39m Started EmployeeApplication in 30.561 seconds (JVM running for 32.395)
[2m2019-11-19 16:54:14[0;39m [32m INFO[0;39m [35m55924[0;39m [2m---[0;39m [2m[nio-8585-exec-3][0;39m [36mo.a.c.c.C.[Tomcat].[localhost].[/]      [0;39m [2m:[0;39m Initializing Spring FrameworkServlet 'dispatcherServlet'
[2m2019-11-19 16:54:14[0;39m [32m INFO[0;39m [35m55924[0;39m [2m---[0;39m [2m[nio-8585-exec-3][0;39m [36mo.s.web.servlet.DispatcherServlet       [0;39m [2m:[0;39m FrameworkServlet 'dispatcherServlet': initialization started
[2m2019-11-19 16:54:14[0;39m [32m INFO[0;39m [35m55924[0;39m [2m---[0;39m [2m[nio-8585-exec-3][0;39m [36mo.s.web.servlet.DispatcherServlet       [0;39m [2m:[0;39m FrameworkServlet 'dispatcherServlet': initialization completed in 194 ms
[2m2019-11-19 16:54:17[0;39m [32m INFO[0;39m [35m55924[0;39m [2m---[0;39m [2m[nio-8585-exec-4][0;39m [36mc.employee.common.aspect.LoggingAspect  [0;39m [2m:[0;39m ++++++++Entering: Method signature++++++++ 
public org.springframework.http.ResponseEntity springfox.documentation.swagger.web.ApiResourceController.uiConfiguration() at: Tue Nov 19 16:54:17 IST 2019
[2m2019-11-19 16:54:17[0;39m [32m INFO[0;39m [35m55924[0;39m [2m---[0;39m [2m[nio-8585-exec-4][0;39m [36mc.employee.common.aspect.LoggingAspect  [0;39m [2m:[0;39m ++++++++ Exiting : method signature++++++++  
public org.springframework.http.ResponseEntity springfox.documentation.swagger.web.ApiResourceController.uiConfiguration()  at: Tue Nov 19 16:54:17 IST 2019
[2m2019-11-19 16:54:17[0;39m [32m INFO[0;39m [35m55924[0;39m [2m---[0;39m [2m[nio-8585-exec-4][0;39m [36mc.employee.common.aspect.LoggingAspect  [0;39m [2m:[0;39m ++++++++ method signature public org.springframework.http.ResponseEntity springfox.documentation.swagger.web.ApiResourceController.uiConfiguration() took 0.041 seconds
[2m2019-11-19 16:54:17[0;39m [32m INFO[0;39m [35m55924[0;39m [2m---[0;39m [2m[nio-8585-exec-9][0;39m [36mc.employee.common.aspect.LoggingAspect  [0;39m [2m:[0;39m ++++++++Entering: Method signature++++++++ 
public org.springframework.http.ResponseEntity springfox.documentation.swagger.web.ApiResourceController.swaggerResources() at: Tue Nov 19 16:54:17 IST 2019
[2m2019-11-19 16:54:17[0;39m [32m INFO[0;39m [35m55924[0;39m [2m---[0;39m [2m[nio-8585-exec-9][0;39m [36mc.employee.common.aspect.LoggingAspect  [0;39m [2m:[0;39m ++++++++ Exiting : method signature++++++++  
public org.springframework.http.ResponseEntity springfox.documentation.swagger.web.ApiResourceController.swaggerResources()  at: Tue Nov 19 16:54:17 IST 2019
[2m2019-11-19 16:54:17[0;39m [32m INFO[0;39m [35m55924[0;39m [2m---[0;39m [2m[nio-8585-exec-9][0;39m [36mc.employee.common.aspect.LoggingAspect  [0;39m [2m:[0;39m ++++++++ method signature public org.springframework.http.ResponseEntity springfox.documentation.swagger.web.ApiResourceController.swaggerResources() took 0.001 seconds
[2m2019-11-19 16:54:17[0;39m [32m INFO[0;39m [35m55924[0;39m [2m---[0;39m [2m[io-8585-exec-10][0;39m [36mc.employee.common.aspect.LoggingAspect  [0;39m [2m:[0;39m ++++++++Entering: Method signature++++++++ 
public org.springframework.http.ResponseEntity springfox.documentation.swagger.web.ApiResourceController.securityConfiguration() at: Tue Nov 19 16:54:17 IST 2019
[2m2019-11-19 16:54:17[0;39m [32m INFO[0;39m [35m55924[0;39m [2m---[0;39m [2m[io-8585-exec-10][0;39m [36mc.employee.common.aspect.LoggingAspect  [0;39m [2m:[0;39m ++++++++ Exiting : method signature++++++++  
public org.springframework.http.ResponseEntity springfox.documentation.swagger.web.ApiResourceController.securityConfiguration()  at: Tue Nov 19 16:54:17 IST 2019
[2m2019-11-19 16:54:17[0;39m [32m INFO[0;39m [35m55924[0;39m [2m---[0;39m [2m[io-8585-exec-10][0;39m [36mc.employee.common.aspect.LoggingAspect  [0;39m [2m:[0;39m ++++++++ method signature public org.springframework.http.ResponseEntity springfox.documentation.swagger.web.ApiResourceController.securityConfiguration() took 0.002 seconds
